---------------------------------
file: toy_and_teaching/collatz.l4

roles: Env, Arbiter

contract params:
    START : Nat := 12

state vars:
    x : Nat := START

situation Ongoing:
    if (or (x == 0) (x == 1)):
        EnterFulfilled at_td_contract last_event_td
    if (and (x > 1) (even x)):
        DivideBy2 at_td_contract last_event_td
    if (and (x > 1) (odd x)):
        TripplePlus1 at_td_contract last_event_td

action DivideBy2()  transitions to Ongoing:
    transform:
        x := (x floor/ 2)

action TripplePlus1()  transitions to Ongoing:
    transform:
        x := ((3 * x) + 1)

action EnterFulfilled()  transitions to Fulfilled
