----------------------------------------
file: toy_and_teaching/meng_buy_booze.l4

roles: Env, Arbiter, Buyer, Seller

state vars:

situation AtCounter:
    Buyer may ShowID

action ShowID()  transitions to AfterShowID
    following situation:
        Seller may AcceptIDAndSobrietyOfBuyer
        Seller may RefuseID
        Seller may RefuseIntoxicatedBuyer

action RefuseIntoxicatedBuyer()  transitions to Fulfilled

action RefuseID()  transitions to Fulfilled

action AcceptIDAndSobrietyOfBuyer()  transitions to AfterAcceptIDAndSobrietyOfBuyer
    following situation:
        Buyer may PayForBooze

action PayForBooze()  transitions to AfterPayForBooze
    following situation:
        Seller may DeliverBooze when (next_event_td ≤ 10m)
        Seller may RefundBuyer when (next_event_td ≤ 15m)
        Breach_Seller after_td_contract 15m

action DeliverBooze()  transitions to Fulfilled

action RefundBuyer()  transitions to Fulfilled
