-------------------------------------------------------------
file: toy_and_teaching/partner_assignment_permissions_only.l4

roles: Env, Arbiter, Alice, Bob

contract params:
    DUE_TD : TimeDelta := 40d

state vars:
    probAsolved : Bool := False
    probBsolved : Bool := False

situation WorkingOnAssignment:
    if ¬probAsolved:
        Alice may SolveProbA when (next_event_td ≤ DUE_TD)
    if ¬probBsolved:
        Alice may SolveProbB when (next_event_td ≤ DUE_TD)
    if (and probAsolved probBsolved):
        Alice may Submit when (next_event_td ≤ DUE_TD)
    if ¬probAsolved:
        Bob may SolveProbA when (next_event_td ≤ DUE_TD)
    if ¬probBsolved:
        Bob may SolveProbB when (next_event_td ≤ DUE_TD)
    if (and probAsolved probBsolved):
        Bob may Submit when (next_event_td ≤ DUE_TD)
    if (and ¬probAsolved ¬probBsolved):
        Breach_Alice_Bob at_td_contract (DUE_TD + 1)
    if (and ¬probAsolved probBsolved):
        Breach_Alice at_td_contract (DUE_TD + 1)
    if (and probAsolved ¬probBsolved):
        Breach_Bob at_td_contract (DUE_TD + 1)

action SolveProbA()  transitions to WorkingOnAssignment:
    transform:
        probAsolved := True

action SolveProbB()  transitions to WorkingOnAssignment:
    transform:
        probBsolved := True

action Submit()  transitions to Fulfilled
